<?xml version="1.0" encoding="UTF-8"?>
<testng-results ignored="0" total="2" passed="2" failed="0" skipped="0">
  <reporter-output>
  </reporter-output>
  <suite started-at="2024-06-18T22:31:45 BST" name="Default suite" finished-at="2024-06-18T22:32:00 BST" duration-ms="15842">
    <groups>
    </groups>
    <test started-at="2024-06-18T22:31:45 BST" name="Default test" finished-at="2024-06-18T22:32:00 BST" duration-ms="15842">
      <class name="UI_Tests.OrangeHRMLoginTests">
        <test-method is-config="true" signature="setup()[pri:0, instance:UI_Tests.OrangeHRMLoginTests@26d9b808]" started-at="2024-06-18T22:31:45 BST" name="setup" finished-at="2024-06-18T22:31:46 BST" duration-ms="1731" status="PASS">
          <reporter-output>
          </reporter-output>
        </test-method> <!-- setup -->
        <test-method signature="InvalidLoginTest()[pri:0, instance:UI_Tests.OrangeHRMLoginTests@26d9b808]" started-at="2024-06-18T22:31:46 BST" name="InvalidLoginTest" finished-at="2024-06-18T22:31:55 BST" duration-ms="8275" status="PASS">
          <reporter-output>
          </reporter-output>
        </test-method> <!-- InvalidLoginTest -->
        <test-method signature="validLoginTest()[pri:0, instance:UI_Tests.OrangeHRMLoginTests@26d9b808]" started-at="2024-06-18T22:31:55 BST" name="validLoginTest" finished-at="2024-06-18T22:32:00 BST" duration-ms="5535" status="PASS">
          <reporter-output>
          </reporter-output>
        </test-method> <!-- validLoginTest -->
        <test-method is-config="true" signature="Teardown()[pri:0, instance:UI_Tests.OrangeHRMLoginTests@26d9b808]" started-at="2024-06-18T22:32:00 BST" name="Teardown" finished-at="2024-06-18T22:32:00 BST" duration-ms="241" status="PASS">
          <reporter-output>
          </reporter-output>
        </test-method> <!-- Teardown -->
      </class> <!-- UI_Tests.OrangeHRMLoginTests -->
    </test> <!-- Default test -->
  </suite> <!-- Default suite -->
</testng-results>
